14:41:10 **** Build of configuration Nios II for project blinky ****
make all 
Info: Building ../blinky_bsp/
D:/intelFPGA/17.1/nios2eds/bin/gnu/H-x86_64-mingw32/bin/make --no-print-directory -C ../blinky_bsp/
[BSP build complete]
[blinky build complete]
14:41:23 **** Build of configuration Nios II for project blinky ****
make all 
Info: Building ../blinky_bsp/
D:/intelFPGA/17.1/nios2eds/bin/gnu/H-x86_64-mingw32/bin/make --no-print-directory -C ../blinky_bsp/
[BSP build complete]
[blinky build complete]
14:42:17 **** Build of configuration Nios II for project blinky ****
make all 
Info: Building ../blinky_bsp/
D:/intelFPGA/17.1/nios2eds/bin/gnu/H-x86_64-mingw32/bin/make --no-print-directory -C ../blinky_bsp/
[BSP build complete]
[blinky build complete]
14:42:46 **** Incremental Build of configuration Nios II for project blinky ****
make all 
Info: Building ../blinky_bsp/
D:/intelFPGA/17.1/nios2eds/bin/gnu/H-x86_64-mingw32/bin/make --no-print-directory -C ../blinky_bsp/
[BSP build complete]
[blinky build complete]
14:47:51 **** Build of configuration Nios II for project blinky ****
make all 
Info: Building ../blinky_bsp/
D:/intelFPGA/17.1/nios2eds/bin/gnu/H-x86_64-mingw32/bin/make --no-print-directory -C ../blinky_bsp/
[BSP build complete]
Info: Compiling hello_world.c to obj/default/hello_world.o
nios2-elf-gcc -xc -MP -MMD -c -I../blinky_bsp//HAL/inc -I../blinky_bsp/ -I../blinky_bsp//drivers/inc  -pipe -D__hal__ -DALT_NO_INSTRUCTION_EMULATION -DALT_SINGLE_THREADED    -O0 -g -Wall   -mno-hw-div -mno-hw-mul -mno-hw-mulx -mgpopt=global  -o obj/default/hello_world.o hello_world.c
Info: Linking blinky.elf
nios2-elf-g++  -T'../blinky_bsp//linker.x' -msys-crt0='../blinky_bsp//obj/HAL/src/crt0.o' -msys-lib=hal_bsp -L../blinky_bsp/   -Wl,-Map=blinky.map   -O0 -g -Wall   -mno-hw-div -mno-hw-mul -mno-hw-mulx -mgpopt=global  -o blinky.elf obj/default/hello_world.o -lm -msys-lib=m
nios2-elf-insert blinky.elf --thread_model hal --cpu_name nios2_processor --qsys true --simulation_enabled false --stderr_dev jtag_uart_0 --stdin_dev jtag_uart_0 --stdout_dev jtag_uart_0 --sopc_system_name nios_system --quartus_project_dir "D:/SchoolWork/SFWRENG2DA4/qsys_tutorial" --jdi ../..//output_files/lights.jdi --sopcinfo D:/SchoolWork/SFWRENG2DA4/qsys_tutorial/software/blinky_bsp/../../nios_system.sopcinfo
Info: (blinky.elf) 14 KBytes program size (code + initialized data).
Info:              11 KBytes free for stack + heap.
Info: Creating blinky.objdump
nios2-elf-objdump --disassemble --syms --all-header --source blinky.elf >blinky.objdump
[blinky build complete]
14:48:00 **** Incremental Build of configuration Nios II for project blinky ****
make all 
Info: Building ../blinky_bsp/
D:/intelFPGA/17.1/nios2eds/bin/gnu/H-x86_64-mingw32/bin/make --no-print-directory -C ../blinky_bsp/
[BSP build complete]
[blinky build complete]
15:01:10 **** Build of configuration Nios II for project blinky ****
make all 
Info: Building ../blinky_bsp/
D:/intelFPGA/17.1/nios2eds/bin/gnu/H-x86_64-mingw32/bin/make --no-print-directory -C ../blinky_bsp/
[BSP build complete]
[blinky build complete]
15:01:12 **** Incremental Build of configuration Nios II for project blinky ****
make all 
Info: Building ../blinky_bsp/
D:/intelFPGA/17.1/nios2eds/bin/gnu/H-x86_64-mingw32/bin/make --no-print-directory -C ../blinky_bsp/
[BSP build complete]
[blinky build complete]
15:06:38 **** Build of configuration Nios II for project blinky ****
make all 
Info: Building ../blinky_bsp/
D:/intelFPGA/17.1/nios2eds/bin/gnu/H-x86_64-mingw32/bin/make --no-print-directory -C ../blinky_bsp/
[BSP build complete]
[blinky build complete]
15:06:41 **** Incremental Build of configuration Nios II for project blinky ****
make all 
Info: Building ../blinky_bsp/
D:/intelFPGA/17.1/nios2eds/bin/gnu/H-x86_64-mingw32/bin/make --no-print-directory -C ../blinky_bsp/
[BSP build complete]
[blinky build complete]
15:14:43 **** Build of configuration Nios II for project blinky ****
make all 
Info: Building ../blinky_bsp/
D:/intelFPGA/17.1/nios2eds/bin/gnu/H-x86_64-mingw32/bin/make --no-print-directory -C ../blinky_bsp/
[BSP build complete]
[blinky build complete]
15:14:45 **** Incremental Build of configuration Nios II for project blinky ****
make all 
Info: Building ../blinky_bsp/
D:/intelFPGA/17.1/nios2eds/bin/gnu/H-x86_64-mingw32/bin/make --no-print-directory -C ../blinky_bsp/
[BSP build complete]
[blinky build complete]
